\BOOKMARK [0][-]{chapter*.1}{Eidesstattliche Erkl\344rung}{}% 1
\BOOKMARK [0][-]{chapter*.2}{Kurzfassung}{}% 2
\BOOKMARK [0][-]{chapter*.3}{Inhaltsverzeichnis}{}% 3
\BOOKMARK [0][-]{chapter*.4}{Tabellenverzeichnis}{}% 4
\BOOKMARK [0][-]{chapter*.5}{Quelltextverzeichnis}{}% 5
\BOOKMARK [0][-]{chapter*.6}{Abk\374rzungsverzeichnis}{}% 6
\BOOKMARK [0][-]{chapter.1}{Einleitung}{}% 7
\BOOKMARK [0][-]{chapter.2}{Anforderungsanalyse}{}% 8
\BOOKMARK [1][-]{section.2.1}{Funktionale Anforderungen}{chapter.2}% 9
\BOOKMARK [2][-]{subsection.2.1.1}{Lauff\344higkeit als Android-App}{section.2.1}% 10
\BOOKMARK [2][-]{subsection.2.1.2}{Entwicklung einer graphischen Benutzeroberfl\344che}{section.2.1}% 11
\BOOKMARK [2][-]{subsection.2.1.3}{Einlernen von Objekten mithilfe einer Kamera}{section.2.1}% 12
\BOOKMARK [2][-]{subsection.2.1.4}{Wiedererkennung bereits eingelernter Objekte mithilfe einer Kamera}{section.2.1}% 13
\BOOKMARK [2][-]{subsection.2.1.5}{Markierung der wiedererkannten Objekte}{section.2.1}% 14
\BOOKMARK [2][-]{subsection.2.1.6}{Graphisches Overlay bei wiedererkannten Objekten}{section.2.1}% 15
\BOOKMARK [2][-]{subsection.2.1.7}{Anbindung eines Datenbank-Servers}{section.2.1}% 16
\BOOKMARK [2][-]{subsection.2.1.8}{Nutzerprofil}{section.2.1}% 17
\BOOKMARK [1][-]{section.2.2}{Nicht-funktionale Anforderungen}{chapter.2}% 18
\BOOKMARK [2][-]{subsection.2.2.1}{Lauff\344higkeit auf einem Smartphone}{section.2.2}% 19
\BOOKMARK [2][-]{subsection.2.2.2}{Dauer und Umst\344nde des Erlernens der Objekte}{section.2.2}% 20
\BOOKMARK [2][-]{subsection.2.2.3}{Benutzerfreundlichkeit}{section.2.2}% 21
\BOOKMARK [2][-]{subsection.2.2.4}{Wartbarkeit und Erweiterbarkeit}{section.2.2}% 22
\BOOKMARK [0][-]{chapter.3}{Grundlagen}{}% 23
\BOOKMARK [1][-]{section.3.1}{Wiedererkennung von Objekten}{chapter.3}% 24
\BOOKMARK [1][-]{section.3.2}{Android}{chapter.3}% 25
\BOOKMARK [2][-]{subsection.3.2.1}{App-Entwicklung}{section.3.2}% 26
\BOOKMARK [0][-]{chapter.4}{Entwurf}{}% 27
\BOOKMARK [1][-]{section.4.1}{Grobentwurf}{chapter.4}% 28
\BOOKMARK [1][-]{section.4.2}{Feinentwurf}{chapter.4}% 29
\BOOKMARK [0][-]{chapter.5}{Implementierung}{}% 30
\BOOKMARK [0][-]{chapter.6}{Tests}{}% 31
\BOOKMARK [0][-]{chapter.7}{Evaluation}{}% 32
\BOOKMARK [0][-]{chapter.8}{Zusammenfassung und Ausblick}{}% 33
\BOOKMARK [1][-]{section.8.1}{Erreichte Ergebnisse}{chapter.8}% 34
\BOOKMARK [1][-]{section.8.2}{Ausblick}{chapter.8}% 35
\BOOKMARK [2][-]{subsection.8.2.1}{Erweiterbarkeit der Ergebnisse}{section.8.2}% 36
\BOOKMARK [2][-]{subsection.8.2.2}{\334bertragbarkeit der Ergebnisse}{section.8.2}% 37
\BOOKMARK [0][-]{appendix.A}{Anhang A}{}% 38
\BOOKMARK [0][-]{appendix.B}{Anhang B}{}% 39
